  [1m[35m (0.2ms)[0m  [1m[35mCREATE TABLE "schema_migrations" ("version" varchar NOT NULL PRIMARY KEY)[0m
  [1m[35m (0.1ms)[0m  [1m[35mCREATE TABLE "ar_internal_metadata" ("key" varchar NOT NULL PRIMARY KEY, "value" varchar, "created_at" datetime(6) NOT NULL, "updated_at" datetime(6) NOT NULL)[0m
  [1m[36mActiveRecord::InternalMetadata Load (0.1ms)[0m  [1m[34mSELECT * FROM "ar_internal_metadata" WHERE "ar_internal_metadata"."key" = ? ORDER BY "ar_internal_metadata"."key" ASC LIMIT 1[0m  [[nil, "environment"]]
  [1m[36mActiveRecord::InternalMetadata Create (0.1ms)[0m  [1m[32mINSERT INTO "ar_internal_metadata" ("key", "value", "created_at", "updated_at") VALUES ('environment', 'development', '2023-10-06 19:25:50.174258', '2023-10-06 19:25:50.174259') RETURNING "key"[0m
  [1m[36mActiveRecord::SchemaMigration Load (0.0ms)[0m  [1m[34mSELECT "schema_migrations"."version" FROM "schema_migrations" ORDER BY "schema_migrations"."version" ASC[0m
Migrating to CreateUsers (20231006192543)
  [1m[36mTRANSACTION (0.0ms)[0m  [1m[36mbegin transaction[0m
  [1m[35m (0.4ms)[0m  [1m[35mCREATE TABLE "users" ("id" integer PRIMARY KEY AUTOINCREMENT NOT NULL, "name" varchar, "email" varchar, "phone" varchar, "cpf" varchar, "created_at" datetime(6) NOT NULL, "updated_at" datetime(6) NOT NULL)[0m
  [1m[36mActiveRecord::SchemaMigration Create (0.0ms)[0m  [1m[32mINSERT INTO "schema_migrations" ("version") VALUES ('20231006192543') RETURNING "version"[0m
  [1m[36mTRANSACTION (0.0ms)[0m  [1m[36mcommit transaction[0m
  [1m[36mActiveRecord::SchemaMigration Load (0.0ms)[0m  [1m[34mSELECT "schema_migrations"."version" FROM "schema_migrations" ORDER BY "schema_migrations"."version" ASC[0m
Started GET "/" for ::1 at 2023-10-06 17:10:58 -0300
  [1m[36mActiveRecord::SchemaMigration Load (0.1ms)[0m  [1m[34mSELECT "schema_migrations"."version" FROM "schema_migrations" ORDER BY "schema_migrations"."version" ASC[0m
Processing by Rails::WelcomeController#index as HTML
  Rendering /Users/laysearaujo/.rbenv/versions/3.0.2/lib/ruby/gems/3.0.0/gems/railties-7.1.0/lib/rails/templates/rails/welcome/index.html.erb
  Rendered /Users/laysearaujo/.rbenv/versions/3.0.2/lib/ruby/gems/3.0.0/gems/railties-7.1.0/lib/rails/templates/rails/welcome/index.html.erb (Duration: 0.4ms | Allocations: 578)
Completed 200 OK in 44ms (Views: 16.7ms | ActiveRecord: 0.0ms | Allocations: 10195)


Started GET "/" for ::1 at 2023-10-06 17:20:11 -0300
Processing by Rails::WelcomeController#index as HTML
  Rendering /Users/laysearaujo/.rbenv/versions/3.0.2/lib/ruby/gems/3.0.0/gems/railties-7.1.0/lib/rails/templates/rails/welcome/index.html.erb
  Rendered /Users/laysearaujo/.rbenv/versions/3.0.2/lib/ruby/gems/3.0.0/gems/railties-7.1.0/lib/rails/templates/rails/welcome/index.html.erb (Duration: 0.4ms | Allocations: 23)
Completed 200 OK in 5ms (Views: 2.1ms | ActiveRecord: 0.0ms | Allocations: 343)


Started GET "/" for ::1 at 2023-10-06 17:20:13 -0300
Processing by Rails::WelcomeController#index as HTML
  Rendering /Users/laysearaujo/.rbenv/versions/3.0.2/lib/ruby/gems/3.0.0/gems/railties-7.1.0/lib/rails/templates/rails/welcome/index.html.erb
  Rendered /Users/laysearaujo/.rbenv/versions/3.0.2/lib/ruby/gems/3.0.0/gems/railties-7.1.0/lib/rails/templates/rails/welcome/index.html.erb (Duration: 0.1ms | Allocations: 14)
Completed 200 OK in 1ms (Views: 0.7ms | ActiveRecord: 0.0ms | Allocations: 274)


Started GET "/" for ::1 at 2023-10-06 17:20:13 -0300
Processing by Rails::WelcomeController#index as HTML
  Rendering /Users/laysearaujo/.rbenv/versions/3.0.2/lib/ruby/gems/3.0.0/gems/railties-7.1.0/lib/rails/templates/rails/welcome/index.html.erb
  Rendered /Users/laysearaujo/.rbenv/versions/3.0.2/lib/ruby/gems/3.0.0/gems/railties-7.1.0/lib/rails/templates/rails/welcome/index.html.erb (Duration: 0.1ms | Allocations: 14)
Completed 200 OK in 2ms (Views: 0.8ms | ActiveRecord: 0.0ms | Allocations: 268)


Started GET "/" for ::1 at 2023-10-06 17:20:13 -0300
Processing by Rails::WelcomeController#index as HTML
  Rendering /Users/laysearaujo/.rbenv/versions/3.0.2/lib/ruby/gems/3.0.0/gems/railties-7.1.0/lib/rails/templates/rails/welcome/index.html.erb
  Rendered /Users/laysearaujo/.rbenv/versions/3.0.2/lib/ruby/gems/3.0.0/gems/railties-7.1.0/lib/rails/templates/rails/welcome/index.html.erb (Duration: 0.1ms | Allocations: 14)
Completed 200 OK in 2ms (Views: 1.6ms | ActiveRecord: 0.0ms | Allocations: 274)


Started GET "/" for ::1 at 2023-10-06 17:20:14 -0300
Processing by Rails::WelcomeController#index as HTML
  Rendering /Users/laysearaujo/.rbenv/versions/3.0.2/lib/ruby/gems/3.0.0/gems/railties-7.1.0/lib/rails/templates/rails/welcome/index.html.erb
  Rendered /Users/laysearaujo/.rbenv/versions/3.0.2/lib/ruby/gems/3.0.0/gems/railties-7.1.0/lib/rails/templates/rails/welcome/index.html.erb (Duration: 0.1ms | Allocations: 14)
Completed 200 OK in 1ms (Views: 0.5ms | ActiveRecord: 0.0ms | Allocations: 268)


  [1m[36mActiveRecord::InternalMetadata Load (0.2ms)[0m  [1m[34mSELECT * FROM "ar_internal_metadata" WHERE "ar_internal_metadata"."key" = ? ORDER BY "ar_internal_metadata"."key" ASC LIMIT 1[0m  [[nil, "environment"]]
  [1m[36mActiveRecord::SchemaMigration Load (0.0ms)[0m  [1m[34mSELECT "schema_migrations"."version" FROM "schema_migrations" ORDER BY "schema_migrations"."version" ASC[0m
  [1m[36mActiveRecord::SchemaMigration Load (0.0ms)[0m  [1m[34mSELECT "schema_migrations"."version" FROM "schema_migrations" ORDER BY "schema_migrations"."version" ASC[0m
Started GET "/users" for ::1 at 2023-10-06 17:21:29 -0300
  [1m[36mActiveRecord::SchemaMigration Load (0.1ms)[0m  [1m[34mSELECT "schema_migrations"."version" FROM "schema_migrations" ORDER BY "schema_migrations"."version" ASC[0m
Processing by UsersController#index as HTML
  Rendering layout layouts/application.html.erb
  Rendering users/index.html.erb within layouts/application
  [1m[36mUser Load (0.1ms)[0m  [1m[34mSELECT "users".* FROM "users" WHERE (name LIKE '%%' OR email LIKE '%%' OR phone LIKE '%%' OR cpf LIKE '%%')[0m
  ↳ app/views/users/index.html.erb:21
  Rendered users/index.html.erb within layouts/application (Duration: 1.8ms | Allocations: 2644)
  Rendered layout layouts/application.html.erb (Duration: 691.2ms | Allocations: 110163)
Completed 200 OK in 709ms (Views: 693.5ms | ActiveRecord: 0.1ms | Allocations: 131483)


Started GET "/users/new" for ::1 at 2023-10-06 17:21:36 -0300
Processing by UsersController#new as HTML
  Rendering layout layouts/application.html.erb
  Rendering users/new.html.erb within layouts/application
  Rendered users/_form.html.erb (Duration: 12.8ms | Allocations: 6162)
  Rendered users/new.html.erb within layouts/application (Duration: 19.9ms | Allocations: 6549)
  Rendered layout layouts/application.html.erb (Duration: 22.1ms | Allocations: 8750)
Completed 200 OK in 65ms (Views: 22.7ms | ActiveRecord: 0.7ms | Allocations: 108156)


Started POST "/users" for ::1 at 2023-10-06 17:22:12 -0300
Processing by UsersController#create as TURBO_STREAM
  Parameters: {"authenticity_token"=>"[FILTERED]", "user"=>{"name"=>"layse", "email"=>"layse@gmail.com", "phone"=>"81988702652", "cpf"=>"00000000000"}, "commit"=>"Create User"}
  [1m[36mTRANSACTION (0.1ms)[0m  [1m[36mbegin transaction[0m
  ↳ app/controllers/users_controller.rb:27:in `block in create'
  [1m[36mUser Create (1.6ms)[0m  [1m[32mINSERT INTO "users" ("name", "email", "phone", "cpf", "created_at", "updated_at") VALUES (?, ?, ?, ?, ?, ?) RETURNING "id"[0m  [["name", "layse"], ["email", "layse@gmail.com"], ["phone", "81988702652"], ["cpf", "00000000000"], ["created_at", "2023-10-06 20:22:12.637510"], ["updated_at", "2023-10-06 20:22:12.637510"]]
  ↳ app/controllers/users_controller.rb:27:in `block in create'
  [1m[36mTRANSACTION (0.5ms)[0m  [1m[36mcommit transaction[0m
  ↳ app/controllers/users_controller.rb:27:in `block in create'
Redirected to http://localhost:3000/users/1
Completed 302 Found in 7ms (ActiveRecord: 2.1ms | Allocations: 3957)


Started GET "/users/1" for ::1 at 2023-10-06 17:22:12 -0300
Processing by UsersController#show as TURBO_STREAM
  Parameters: {"id"=>"1"}
  [1m[36mUser Load (0.1ms)[0m  [1m[34mSELECT "users".* FROM "users" WHERE "users"."id" = ? LIMIT ?[0m  [["id", 1], ["LIMIT", 1]]
  ↳ app/controllers/users_controller.rb:63:in `set_user'
  Rendering layout layouts/application.html.erb
  Rendering users/show.html.erb within layouts/application
  Rendered users/_user.html.erb (Duration: 0.3ms | Allocations: 324)
  Rendered users/show.html.erb within layouts/application (Duration: 2.8ms | Allocations: 1717)
  Rendered layout layouts/application.html.erb (Duration: 4.9ms | Allocations: 3881)
Completed 200 OK in 9ms (Views: 5.2ms | ActiveRecord: 0.1ms | Allocations: 7358)


Started GET "/users" for ::1 at 2023-10-06 17:22:17 -0300
Processing by UsersController#index as HTML
  Rendering layout layouts/application.html.erb
  Rendering users/index.html.erb within layouts/application
  [1m[36mUser Load (0.3ms)[0m  [1m[34mSELECT "users".* FROM "users" WHERE (name LIKE '%%' OR email LIKE '%%' OR phone LIKE '%%' OR cpf LIKE '%%')[0m
  ↳ app/views/users/index.html.erb:21
  Rendered users/index.html.erb within layouts/application (Duration: 3.7ms | Allocations: 1496)
  Rendered layout layouts/application.html.erb (Duration: 9.7ms | Allocations: 3805)
Completed 200 OK in 12ms (Views: 10.3ms | ActiveRecord: 0.3ms | Allocations: 4239)


Started GET "/users" for ::1 at 2023-10-06 17:23:37 -0300
Processing by UsersController#index as HTML
  Rendering layout layouts/application.html.erb
  Rendering users/index.html.erb within layouts/application
  [1m[36mUser Load (0.1ms)[0m  [1m[34mSELECT "users".* FROM "users" WHERE (name LIKE '%%' OR email LIKE '%%' OR phone LIKE '%%' OR cpf LIKE '%%')[0m
  ↳ app/views/users/index.html.erb:23
  Rendered users/index.html.erb within layouts/application (Duration: 4.9ms | Allocations: 5480)
  Rendered layout layouts/application.html.erb (Duration: 15.2ms | Allocations: 19897)
Completed 200 OK in 20ms (Views: 16.4ms | ActiveRecord: 1.5ms | Allocations: 22815)


Started GET "/users" for ::1 at 2023-10-06 17:23:38 -0300
Processing by UsersController#index as HTML
  Rendering layout layouts/application.html.erb
  Rendering users/index.html.erb within layouts/application
  [1m[36mUser Load (0.2ms)[0m  [1m[34mSELECT "users".* FROM "users" WHERE (name LIKE '%%' OR email LIKE '%%' OR phone LIKE '%%' OR cpf LIKE '%%')[0m
  ↳ app/views/users/index.html.erb:23
  Rendered users/index.html.erb within layouts/application (Duration: 2.7ms | Allocations: 1393)
  Rendered layout layouts/application.html.erb (Duration: 7.2ms | Allocations: 3629)
Completed 200 OK in 9ms (Views: 7.8ms | ActiveRecord: 0.2ms | Allocations: 4028)


Started GET "/users" for ::1 at 2023-10-06 17:23:38 -0300
Processing by UsersController#index as HTML
  Rendering layout layouts/application.html.erb
  Rendering users/index.html.erb within layouts/application
  [1m[36mUser Load (0.4ms)[0m  [1m[34mSELECT "users".* FROM "users" WHERE (name LIKE '%%' OR email LIKE '%%' OR phone LIKE '%%' OR cpf LIKE '%%')[0m
  ↳ app/views/users/index.html.erb:23
  Rendered users/index.html.erb within layouts/application (Duration: 3.3ms | Allocations: 1391)
  Rendered layout layouts/application.html.erb (Duration: 8.7ms | Allocations: 3637)
Completed 200 OK in 11ms (Views: 9.2ms | ActiveRecord: 0.4ms | Allocations: 4007)


Started GET "/users" for ::1 at 2023-10-06 17:25:48 -0300
Processing by UsersController#index as HTML
  Rendering layout layouts/application.html.erb
  Rendering users/index.html.erb within layouts/application
  [1m[36mUser Load (0.1ms)[0m  [1m[34mSELECT "users".* FROM "users" WHERE (name LIKE '%%' OR email LIKE '%%' OR phone LIKE '%%' OR cpf LIKE '%%')[0m
  ↳ app/views/users/index.html.erb:23
  Rendered users/index.html.erb within layouts/application (Duration: 7.4ms | Allocations: 5453)
  Rendered layout layouts/application.html.erb (Duration: 59.3ms | Allocations: 21035)
Completed 200 OK in 64ms (Views: 60.1ms | ActiveRecord: 1.8ms | Allocations: 23957)


Started GET "/users/1" for ::1 at 2023-10-06 17:25:56 -0300
Processing by UsersController#show as HTML
  Parameters: {"id"=>"1"}
  [1m[36mUser Load (0.4ms)[0m  [1m[34mSELECT "users".* FROM "users" WHERE "users"."id" = ? LIMIT ?[0m  [["id", 1], ["LIMIT", 1]]
  ↳ app/controllers/users_controller.rb:63:in `set_user'
  Rendering layout layouts/application.html.erb
  Rendering users/show.html.erb within layouts/application
  Rendered users/_user.html.erb (Duration: 0.9ms | Allocations: 263)
  Rendered users/show.html.erb within layouts/application (Duration: 5.1ms | Allocations: 1081)
  Rendered layout layouts/application.html.erb (Duration: 8.5ms | Allocations: 3096)
Completed 200 OK in 15ms (Views: 9.3ms | ActiveRecord: 0.4ms | Allocations: 4680)


Started GET "/users" for ::1 at 2023-10-06 17:26:00 -0300
Processing by UsersController#index as HTML
  Rendering layout layouts/application.html.erb
  Rendering users/index.html.erb within layouts/application
  [1m[36mUser Load (0.2ms)[0m  [1m[34mSELECT "users".* FROM "users" WHERE (name LIKE '%%' OR email LIKE '%%' OR phone LIKE '%%' OR cpf LIKE '%%')[0m
  ↳ app/views/users/index.html.erb:23
  Rendered users/index.html.erb within layouts/application (Duration: 2.0ms | Allocations: 1392)
  Rendered layout layouts/application.html.erb (Duration: 5.5ms | Allocations: 3612)
Completed 200 OK in 7ms (Views: 5.9ms | ActiveRecord: 0.2ms | Allocations: 3986)


Started GET "/users?search=day&commit=Pesquisar" for ::1 at 2023-10-06 17:26:06 -0300
Processing by UsersController#index as HTML
  Parameters: {"search"=>"day", "commit"=>"Pesquisar"}
  Rendering layout layouts/application.html.erb
  Rendering users/index.html.erb within layouts/application
  [1m[36mUser Load (0.4ms)[0m  [1m[34mSELECT "users".* FROM "users" WHERE (name LIKE '%day%' OR email LIKE '%day%' OR phone LIKE '%day%' OR cpf LIKE '%day%')[0m
  ↳ app/views/users/index.html.erb:23
  Rendered users/index.html.erb within layouts/application (Duration: 3.4ms | Allocations: 1253)
  Rendered layout layouts/application.html.erb (Duration: 8.0ms | Allocations: 3457)
Completed 200 OK in 11ms (Views: 8.6ms | ActiveRecord: 0.4ms | Allocations: 3828)


Started GET "/users?search=00000&commit=Pesquisar" for ::1 at 2023-10-06 17:26:11 -0300
Processing by UsersController#index as HTML
  Parameters: {"search"=>"00000", "commit"=>"Pesquisar"}
  Rendering layout layouts/application.html.erb
  Rendering users/index.html.erb within layouts/application
  [1m[36mUser Load (0.3ms)[0m  [1m[34mSELECT "users".* FROM "users" WHERE (name LIKE '%00000%' OR email LIKE '%00000%' OR phone LIKE '%00000%' OR cpf LIKE '%00000%')[0m
  ↳ app/views/users/index.html.erb:23
  Rendered users/index.html.erb within layouts/application (Duration: 3.2ms | Allocations: 1391)
  Rendered layout layouts/application.html.erb (Duration: 8.0ms | Allocations: 3599)
Completed 200 OK in 10ms (Views: 8.6ms | ActiveRecord: 0.3ms | Allocations: 3970)


Started GET "/users/new" for ::1 at 2023-10-06 17:26:17 -0300
Processing by UsersController#new as HTML
  Rendering layout layouts/application.html.erb
  Rendering users/new.html.erb within layouts/application
  Rendered users/_form.html.erb (Duration: 4.5ms | Allocations: 1674)
  Rendered users/new.html.erb within layouts/application (Duration: 6.5ms | Allocations: 1968)
  Rendered layout layouts/application.html.erb (Duration: 10.3ms | Allocations: 3987)
Completed 200 OK in 13ms (Views: 11.0ms | ActiveRecord: 0.0ms | Allocations: 4387)


Started POST "/users" for ::1 at 2023-10-06 17:26:37 -0300
Processing by UsersController#create as TURBO_STREAM
  Parameters: {"authenticity_token"=>"[FILTERED]", "user"=>{"name"=>"layane", "email"=>"layane", "phone"=>"0000000000", "cpf"=>"11111111111111"}, "commit"=>"Create User"}
  Rendering layout layouts/application.html.erb
  Rendering users/new.html.erb within layouts/application
  Rendered users/_form.html.erb (Duration: 6.4ms | Allocations: 2430)
  Rendered users/new.html.erb within layouts/application (Duration: 6.8ms | Allocations: 2515)
  Rendered layout layouts/application.html.erb (Duration: 12.5ms | Allocations: 4586)
Completed 422 Unprocessable Entity in 18ms (Views: 13.5ms | ActiveRecord: 0.0ms | Allocations: 6019)


Started POST "/users" for ::1 at 2023-10-06 17:32:15 -0300
Processing by UsersController#create as TURBO_STREAM
  Parameters: {"authenticity_token"=>"[FILTERED]", "user"=>{"name"=>"layane", "email"=>"layane@", "phone"=>"0000000000", "cpf"=>"11111111111111"}, "commit"=>"Create User"}
  Rendering layout layouts/application.html.erb
  Rendering users/new.html.erb within layouts/application
  Rendered users/_form.html.erb (Duration: 6.7ms | Allocations: 2332)
  Rendered users/new.html.erb within layouts/application (Duration: 7.1ms | Allocations: 2417)
  Rendered layout layouts/application.html.erb (Duration: 11.9ms | Allocations: 4488)
Completed 422 Unprocessable Entity in 33ms (Views: 13.5ms | ActiveRecord: 0.0ms | Allocations: 5686)


Started POST "/users" for ::1 at 2023-10-06 17:32:17 -0300
Processing by UsersController#create as TURBO_STREAM
  Parameters: {"authenticity_token"=>"[FILTERED]", "user"=>{"name"=>"layane", "email"=>"layane@", "phone"=>"0000000000", "cpf"=>"11111111111111"}, "commit"=>"Create User"}
  Rendering layout layouts/application.html.erb
  Rendering users/new.html.erb within layouts/application
  Rendered users/_form.html.erb (Duration: 5.1ms | Allocations: 2332)
  Rendered users/new.html.erb within layouts/application (Duration: 5.5ms | Allocations: 2417)
  Rendered layout layouts/application.html.erb (Duration: 9.9ms | Allocations: 4488)
Completed 422 Unprocessable Entity in 14ms (Views: 10.8ms | ActiveRecord: 0.0ms | Allocations: 5672)


Started POST "/users" for ::1 at 2023-10-06 17:32:21 -0300
Processing by UsersController#create as TURBO_STREAM
  Parameters: {"authenticity_token"=>"[FILTERED]", "user"=>{"name"=>"layane", "email"=>"layane@asnxsacj", "phone"=>"0000000000", "cpf"=>"11111111111111"}, "commit"=>"Create User"}
  Rendering layout layouts/application.html.erb
  Rendering users/new.html.erb within layouts/application
  Rendered users/_form.html.erb (Duration: 3.8ms | Allocations: 1889)
  Rendered users/new.html.erb within layouts/application (Duration: 4.2ms | Allocations: 1974)
  Rendered layout layouts/application.html.erb (Duration: 8.5ms | Allocations: 4045)
Completed 422 Unprocessable Entity in 15ms (Views: 9.8ms | ActiveRecord: 0.0ms | Allocations: 5231)


Started POST "/users" for ::1 at 2023-10-06 17:32:22 -0300
Processing by UsersController#create as TURBO_STREAM
  Parameters: {"authenticity_token"=>"[FILTERED]", "user"=>{"name"=>"layane", "email"=>"layane@asnxsacj", "phone"=>"0000000000", "cpf"=>"11111111111111"}, "commit"=>"Create User"}
  Rendering layout layouts/application.html.erb
  Rendering users/new.html.erb within layouts/application
  Rendered users/_form.html.erb (Duration: 4.6ms | Allocations: 1888)
  Rendered users/new.html.erb within layouts/application (Duration: 5.0ms | Allocations: 1973)
  Rendered layout layouts/application.html.erb (Duration: 10.2ms | Allocations: 4044)
Completed 422 Unprocessable Entity in 15ms (Views: 11.3ms | ActiveRecord: 0.0ms | Allocations: 5219)


Started POST "/users" for ::1 at 2023-10-06 17:32:23 -0300
Processing by UsersController#create as TURBO_STREAM
  Parameters: {"authenticity_token"=>"[FILTERED]", "user"=>{"name"=>"layane", "email"=>"layane@asnxsacj", "phone"=>"0000000000", "cpf"=>"11111111111111"}, "commit"=>"Create User"}
  Rendering layout layouts/application.html.erb
  Rendering users/new.html.erb within layouts/application
  Rendered users/_form.html.erb (Duration: 5.1ms | Allocations: 1888)
  Rendered users/new.html.erb within layouts/application (Duration: 5.5ms | Allocations: 1973)
  Rendered layout layouts/application.html.erb (Duration: 10.3ms | Allocations: 4050)
Completed 422 Unprocessable Entity in 16ms (Views: 11.4ms | ActiveRecord: 0.0ms | Allocations: 5219)


Started POST "/users" for ::1 at 2023-10-06 17:32:23 -0300
Processing by UsersController#create as TURBO_STREAM
  Parameters: {"authenticity_token"=>"[FILTERED]", "user"=>{"name"=>"layane", "email"=>"layane@asnxsacj", "phone"=>"0000000000", "cpf"=>"11111111111111"}, "commit"=>"Create User"}
  Rendering layout layouts/application.html.erb
  Rendering users/new.html.erb within layouts/application
  Rendered users/_form.html.erb (Duration: 4.1ms | Allocations: 1888)
  Rendered users/new.html.erb within layouts/application (Duration: 4.5ms | Allocations: 1973)
  Rendered layout layouts/application.html.erb (Duration: 10.1ms | Allocations: 4044)
Completed 422 Unprocessable Entity in 16ms (Views: 11.2ms | ActiveRecord: 0.0ms | Allocations: 5221)


Started POST "/users" for ::1 at 2023-10-06 17:32:24 -0300
Processing by UsersController#create as TURBO_STREAM
  Parameters: {"authenticity_token"=>"[FILTERED]", "user"=>{"name"=>"layane", "email"=>"layane@asnxsacj", "phone"=>"0000000000", "cpf"=>"11111111111111"}, "commit"=>"Create User"}
  Rendering layout layouts/application.html.erb
  Rendering users/new.html.erb within layouts/application
  Rendered users/_form.html.erb (Duration: 4.9ms | Allocations: 1888)
  Rendered users/new.html.erb within layouts/application (Duration: 5.2ms | Allocations: 1973)
  Rendered layout layouts/application.html.erb (Duration: 9.5ms | Allocations: 4044)
Completed 422 Unprocessable Entity in 13ms (Views: 10.7ms | ActiveRecord: 0.0ms | Allocations: 5224)


Started POST "/users" for ::1 at 2023-10-06 17:32:25 -0300
Processing by UsersController#create as TURBO_STREAM
  Parameters: {"authenticity_token"=>"[FILTERED]", "user"=>{"name"=>"layane", "email"=>"layane@asnxsacj", "phone"=>"0000000000", "cpf"=>"11111111111111"}, "commit"=>"Create User"}
  Rendering layout layouts/application.html.erb
  Rendering users/new.html.erb within layouts/application
  Rendered users/_form.html.erb (Duration: 4.4ms | Allocations: 1888)
  Rendered users/new.html.erb within layouts/application (Duration: 4.7ms | Allocations: 1973)
  Rendered layout layouts/application.html.erb (Duration: 9.2ms | Allocations: 4044)
Completed 422 Unprocessable Entity in 13ms (Views: 10.0ms | ActiveRecord: 0.0ms | Allocations: 5219)


Started POST "/users" for ::1 at 2023-10-06 17:32:25 -0300
Processing by UsersController#create as TURBO_STREAM
  Parameters: {"authenticity_token"=>"[FILTERED]", "user"=>{"name"=>"layane", "email"=>"layane@asnxsacj", "phone"=>"0000000000", "cpf"=>"11111111111111"}, "commit"=>"Create User"}
  Rendering layout layouts/application.html.erb
  Rendering users/new.html.erb within layouts/application
  Rendered users/_form.html.erb (Duration: 4.6ms | Allocations: 1888)
  Rendered users/new.html.erb within layouts/application (Duration: 5.0ms | Allocations: 1973)
  Rendered layout layouts/application.html.erb (Duration: 9.8ms | Allocations: 4044)
Completed 422 Unprocessable Entity in 15ms (Views: 10.8ms | ActiveRecord: 0.0ms | Allocations: 5215)


Started GET "/users?search=00000&commit=Pesquisar" for ::1 at 2023-10-06 17:32:26 -0300
Processing by UsersController#index as HTML
  Parameters: {"search"=>"00000", "commit"=>"Pesquisar"}
  Rendering layout layouts/application.html.erb
  Rendering users/index.html.erb within layouts/application
  [1m[36mUser Load (0.3ms)[0m  [1m[34mSELECT "users".* FROM "users" WHERE (name LIKE '%00000%' OR email LIKE '%00000%' OR phone LIKE '%00000%' OR cpf LIKE '%00000%')[0m
  ↳ app/views/users/index.html.erb:23
  Rendered users/index.html.erb within layouts/application (Duration: 3.0ms | Allocations: 1430)
  Rendered layout layouts/application.html.erb (Duration: 7.1ms | Allocations: 3755)
Completed 200 OK in 9ms (Views: 7.7ms | ActiveRecord: 0.3ms | Allocations: 4126)


